{"contracts/extensions/Context.sol":{"l":{"18":0,"22":0},"path":"/Users/tuannda/Documents/work/marketplace/contracts/extensions/Context.sol","s":{"1":0,"2":0},"b":{},"f":{"1":0,"2":0},"fnMap":{"1":{"name":"_msgSender","line":17,"loc":{"start":{"line":17,"column":4},"end":{"line":19,"column":4}}},"2":{"name":"_msgData","line":21,"loc":{"start":{"line":21,"column":4},"end":{"line":23,"column":4}}}},"statementMap":{"1":{"start":{"line":18,"column":8},"end":{"line":18,"column":25}},"2":{"start":{"line":22,"column":8},"end":{"line":22,"column":23}}},"branchMap":{}},"contracts/extensions/IERC20Metadata.sol":{"l":{},"path":"/Users/tuannda/Documents/work/marketplace/contracts/extensions/IERC20Metadata.sol","s":{},"b":{},"f":{},"fnMap":{},"statementMap":{},"branchMap":{}},"contracts/IERC20.sol":{"l":{},"path":"/Users/tuannda/Documents/work/marketplace/contracts/IERC20.sol","s":{},"b":{},"f":{},"fnMap":{},"statementMap":{},"branchMap":{}},"contracts/inteface/inteface.sol":{"l":{},"path":"/Users/tuannda/Documents/work/marketplace/contracts/inteface/inteface.sol","s":{},"b":{},"f":{},"fnMap":{},"statementMap":{},"branchMap":{}},"contracts/NFTFactory.sol":{"l":{"19":1,"21":1,"22":1,"23":1,"25":1},"path":"/Users/tuannda/Documents/work/marketplace/contracts/NFTFactory.sol","s":{"1":1,"2":1,"3":1,"4":1,"5":1},"b":{},"f":{"1":6,"2":1},"fnMap":{"1":{"name":"constructor","line":13,"loc":{"start":{"line":13,"column":4},"end":{"line":13,"column":45}}},"2":{"name":"mintNFT","line":15,"loc":{"start":{"line":15,"column":4},"end":{"line":26,"column":4}}}},"statementMap":{"1":{"start":{"line":19,"column":8},"end":{"line":19,"column":27}},"2":{"start":{"line":21,"column":8},"end":{"line":21,"column":46}},"3":{"start":{"line":22,"column":8},"end":{"line":22,"column":31}},"4":{"start":{"line":23,"column":8},"end":{"line":23,"column":40}},"5":{"start":{"line":25,"column":8},"end":{"line":25,"column":24}}},"branchMap":{}},"contracts/NFTMarketplace_V1.sol":{"l":{"19":0,"23":0,"24":0,"25":0,"26":0,"27":0,"28":0},"path":"/Users/tuannda/Documents/work/marketplace/contracts/NFTMarketplace_V1.sol","s":{"1":0,"2":0,"3":0,"4":0,"5":0,"6":0},"b":{"1":[0,0],"2":[0,0]},"f":{"1":0,"2":0},"fnMap":{"1":{"name":"getCounterOrder","line":18,"loc":{"start":{"line":18,"column":4},"end":{"line":20,"column":4}}},"2":{"name":"createOrder","line":22,"loc":{"start":{"line":22,"column":4},"end":{"line":29,"column":4}}}},"statementMap":{"1":{"start":{"line":19,"column":8},"end":{"line":19,"column":27}},"2":{"start":{"line":23,"column":8},"end":{"line":23,"column":112}},"3":{"start":{"line":24,"column":8},"end":{"line":24,"column":105}},"4":{"start":{"line":25,"column":8},"end":{"line":25,"column":76}},"5":{"start":{"line":26,"column":8},"end":{"line":26,"column":94}},"6":{"start":{"line":27,"column":8},"end":{"line":27,"column":42}}},"branchMap":{"1":{"line":23,"type":"if","locations":[{"start":{"line":23,"column":8},"end":{"line":23,"column":8}},{"start":{"line":23,"column":8},"end":{"line":23,"column":8}}]},"2":{"line":24,"type":"if","locations":[{"start":{"line":24,"column":8},"end":{"line":24,"column":8}},{"start":{"line":24,"column":8},"end":{"line":24,"column":8}}]}}},"contracts/NFTMarketplace_V2.sol":{"l":{"22":0,"26":0,"27":0,"28":0,"29":0,"30":0,"31":0,"35":0,"39":0,"43":0,"47":0,"51":0,"52":0,"54":0,"58":0,"59":0,"60":0,"61":0,"62":0,"63":0,"64":0,"65":0},"path":"/Users/tuannda/Documents/work/marketplace/contracts/NFTMarketplace_V2.sol","s":{"1":0,"2":0,"3":0,"4":0,"5":0,"6":0,"7":0,"8":0,"9":0,"10":0,"11":0,"12":0,"13":0,"14":0,"15":0,"16":0,"17":0,"18":0,"19":0,"20":0,"21":0},"b":{"1":[0,0],"2":[0,0],"3":[0,0],"4":[0,0],"5":[0,0],"6":[0,0]},"f":{"1":0,"2":0,"3":0,"4":0,"5":0,"6":0,"7":0,"8":0},"fnMap":{"1":{"name":"getCounterOrder","line":21,"loc":{"start":{"line":21,"column":4},"end":{"line":23,"column":4}}},"2":{"name":"createOrder","line":25,"loc":{"start":{"line":25,"column":4},"end":{"line":32,"column":4}}},"3":{"name":"addTreasury","line":34,"loc":{"start":{"line":34,"column":4},"end":{"line":36,"column":4}}},"4":{"name":"getTreasury","line":38,"loc":{"start":{"line":38,"column":4},"end":{"line":40,"column":4}}},"5":{"name":"setFee","line":42,"loc":{"start":{"line":42,"column":4},"end":{"line":44,"column":4}}},"6":{"name":"getFee","line":46,"loc":{"start":{"line":46,"column":4},"end":{"line":48,"column":4}}},"7":{"name":"isOrderExists","line":50,"loc":{"start":{"line":50,"column":4},"end":{"line":55,"column":4}}},"8":{"name":"matchOrder","line":57,"loc":{"start":{"line":57,"column":4},"end":{"line":66,"column":4}}}},"statementMap":{"1":{"start":{"line":22,"column":8},"end":{"line":22,"column":27}},"2":{"start":{"line":26,"column":8},"end":{"line":26,"column":112}},"3":{"start":{"line":27,"column":8},"end":{"line":27,"column":105}},"4":{"start":{"line":28,"column":8},"end":{"line":28,"column":76}},"5":{"start":{"line":29,"column":8},"end":{"line":29,"column":94}},"6":{"start":{"line":30,"column":8},"end":{"line":30,"column":42}},"7":{"start":{"line":35,"column":8},"end":{"line":35,"column":34}},"8":{"start":{"line":39,"column":8},"end":{"line":39,"column":23}},"9":{"start":{"line":43,"column":8},"end":{"line":43,"column":17}},"10":{"start":{"line":47,"column":8},"end":{"line":47,"column":18}},"11":{"start":{"line":51,"column":8},"end":{"line":51,"column":1506}},"12":{"start":{"line":52,"column":12},"end":{"line":52,"column":23}},"13":{"start":{"line":54,"column":8},"end":{"line":54,"column":20}},"14":{"start":{"line":58,"column":8},"end":{"line":58,"column":56}},"15":{"start":{"line":59,"column":8},"end":{"line":59,"column":56}},"16":{"start":{"line":60,"column":8},"end":{"line":60,"column":118}},"17":{"start":{"line":61,"column":8},"end":{"line":61,"column":152}},"18":{"start":{"line":62,"column":8},"end":{"line":62,"column":100}},"19":{"start":{"line":63,"column":8},"end":{"line":63,"column":117}},"20":{"start":{"line":64,"column":8},"end":{"line":64,"column":126}},"21":{"start":{"line":65,"column":8},"end":{"line":65,"column":38}}},"branchMap":{"1":{"line":26,"type":"if","locations":[{"start":{"line":26,"column":8},"end":{"line":26,"column":8}},{"start":{"line":26,"column":8},"end":{"line":26,"column":8}}]},"2":{"line":27,"type":"if","locations":[{"start":{"line":27,"column":8},"end":{"line":27,"column":8}},{"start":{"line":27,"column":8},"end":{"line":27,"column":8}}]},"3":{"line":51,"type":"if","locations":[{"start":{"line":51,"column":8},"end":{"line":51,"column":8}},{"start":{"line":51,"column":8},"end":{"line":51,"column":8}}]},"4":{"line":58,"type":"if","locations":[{"start":{"line":58,"column":8},"end":{"line":58,"column":8}},{"start":{"line":58,"column":8},"end":{"line":58,"column":8}}]},"5":{"line":60,"type":"if","locations":[{"start":{"line":60,"column":8},"end":{"line":60,"column":8}},{"start":{"line":60,"column":8},"end":{"line":60,"column":8}}]},"6":{"line":61,"type":"if","locations":[{"start":{"line":61,"column":8},"end":{"line":61,"column":8}},{"start":{"line":61,"column":8},"end":{"line":61,"column":8}}]}}},"contracts/Token.sol":{"l":{"58":0,"59":0,"60":0,"64":0,"65":0,"72":0,"80":0,"97":0,"104":0,"111":0,"116":0,"120":0,"124":0,"128":0,"140":0,"141":0,"142":0,"149":0,"163":0,"164":0,"165":0,"189":0,"190":0,"191":0,"192":0,"208":0,"209":0,"210":0,"228":0,"229":0,"230":0,"231":0,"235":0,"257":0,"258":0,"259":0,"261":0,"263":0,"264":0,"265":0,"268":0,"270":0,"272":0,"285":0,"287":0,"289":0,"290":0,"291":0,"293":0,"308":0,"310":0,"312":0,"313":0,"314":0,"317":0,"319":0,"321":0,"342":0,"343":0,"345":0,"346":0,"362":0,"363":0,"364":0,"365":0},"path":"/Users/tuannda/Documents/work/marketplace/contracts/Token.sol","s":{"1":0,"2":0,"3":0,"4":0,"5":0,"6":0,"7":0,"8":0,"9":0,"10":0,"11":0,"12":0,"13":0,"14":0,"15":0,"16":0,"17":0,"18":0,"19":0,"20":0,"21":0,"22":0,"23":0,"24":0,"25":0,"26":0,"27":0,"28":0,"29":0,"30":0,"31":0,"32":0,"33":0,"34":0,"35":0,"36":0,"37":0,"38":0,"39":0,"40":0,"41":0,"42":0,"43":0,"44":0,"45":0,"46":0,"47":0,"48":0,"49":0,"50":0,"51":0,"52":0,"53":0,"54":0,"55":0,"56":0,"57":0,"58":0,"59":0,"60":0},"b":{"1":[0,0],"2":[0,0],"3":[0,0],"4":[0,0],"5":[0,0],"6":[0,0],"7":[0,0],"8":[0,0],"9":[0,0],"10":[0,0],"11":[0,0],"12":[0,0],"13":[0,0]},"f":{"1":0,"2":0,"3":0,"4":0,"5":0,"6":0,"7":0,"8":0,"9":0,"10":0,"11":0,"12":0,"13":0,"14":0,"15":0,"16":0,"17":0,"18":0,"19":0,"20":0,"21":0,"22":0,"23":0,"24":0},"fnMap":{"1":{"name":"constructor","line":57,"loc":{"start":{"line":57,"column":4},"end":{"line":61,"column":4}}},"2":{"name":"onlyOwner","line":63,"loc":{"start":{"line":63,"column":4},"end":{"line":66,"column":4}}},"3":{"name":"name","line":71,"loc":{"start":{"line":71,"column":4},"end":{"line":73,"column":4}}},"4":{"name":"symbol","line":79,"loc":{"start":{"line":79,"column":4},"end":{"line":81,"column":4}}},"5":{"name":"decimals","line":96,"loc":{"start":{"line":96,"column":4},"end":{"line":98,"column":4}}},"6":{"name":"totalSupply","line":103,"loc":{"start":{"line":103,"column":4},"end":{"line":105,"column":4}}},"7":{"name":"balanceOf","line":110,"loc":{"start":{"line":110,"column":4},"end":{"line":112,"column":4}}},"8":{"name":"addToBlacklists","line":115,"loc":{"start":{"line":115,"column":4},"end":{"line":117,"column":4}}},"9":{"name":"removeFromBlacklists","line":119,"loc":{"start":{"line":119,"column":4},"end":{"line":121,"column":4}}},"10":{"name":"mint","line":123,"loc":{"start":{"line":123,"column":4},"end":{"line":125,"column":4}}},"11":{"name":"burn","line":127,"loc":{"start":{"line":127,"column":4},"end":{"line":129,"column":4}}},"12":{"name":"transfer","line":139,"loc":{"start":{"line":139,"column":4},"end":{"line":143,"column":4}}},"13":{"name":"allowance","line":148,"loc":{"start":{"line":148,"column":4},"end":{"line":150,"column":4}}},"14":{"name":"approve","line":162,"loc":{"start":{"line":162,"column":4},"end":{"line":166,"column":4}}},"15":{"name":"transferFrom","line":184,"loc":{"start":{"line":184,"column":4},"end":{"line":193,"column":4}}},"16":{"name":"increaseAllowance","line":207,"loc":{"start":{"line":207,"column":4},"end":{"line":211,"column":4}}},"17":{"name":"decreaseAllowance","line":227,"loc":{"start":{"line":227,"column":4},"end":{"line":236,"column":4}}},"18":{"name":"_transfer","line":252,"loc":{"start":{"line":252,"column":4},"end":{"line":273,"column":4}}},"19":{"name":"_mint","line":284,"loc":{"start":{"line":284,"column":4},"end":{"line":294,"column":4}}},"20":{"name":"_burn","line":307,"loc":{"start":{"line":307,"column":4},"end":{"line":322,"column":4}}},"21":{"name":"_approve","line":337,"loc":{"start":{"line":337,"column":4},"end":{"line":347,"column":4}}},"22":{"name":"_spendAllowance","line":357,"loc":{"start":{"line":357,"column":4},"end":{"line":369,"column":4}}},"23":{"name":"_beforeTokenTransfer","line":385,"loc":{"start":{"line":385,"column":4},"end":{"line":389,"column":24}}},"24":{"name":"_afterTokenTransfer","line":405,"loc":{"start":{"line":405,"column":4},"end":{"line":409,"column":24}}}},"statementMap":{"1":{"start":{"line":58,"column":8},"end":{"line":58,"column":20}},"2":{"start":{"line":59,"column":8},"end":{"line":59,"column":24}},"3":{"start":{"line":60,"column":8},"end":{"line":60,"column":26}},"4":{"start":{"line":64,"column":8},"end":{"line":64,"column":61}},"5":{"start":{"line":72,"column":8},"end":{"line":72,"column":20}},"6":{"start":{"line":80,"column":8},"end":{"line":80,"column":22}},"7":{"start":{"line":97,"column":8},"end":{"line":97,"column":17}},"8":{"start":{"line":104,"column":8},"end":{"line":104,"column":27}},"9":{"start":{"line":111,"column":8},"end":{"line":111,"column":33}},"10":{"start":{"line":116,"column":8},"end":{"line":116,"column":34}},"11":{"start":{"line":120,"column":8},"end":{"line":120,"column":35}},"12":{"start":{"line":124,"column":8},"end":{"line":124,"column":31}},"13":{"start":{"line":128,"column":8},"end":{"line":128,"column":31}},"14":{"start":{"line":140,"column":8},"end":{"line":140,"column":36}},"15":{"start":{"line":141,"column":8},"end":{"line":141,"column":35}},"16":{"start":{"line":142,"column":8},"end":{"line":142,"column":19}},"17":{"start":{"line":149,"column":8},"end":{"line":149,"column":42}},"18":{"start":{"line":163,"column":8},"end":{"line":163,"column":36}},"19":{"start":{"line":164,"column":8},"end":{"line":164,"column":39}},"20":{"start":{"line":165,"column":8},"end":{"line":165,"column":19}},"21":{"start":{"line":189,"column":8},"end":{"line":189,"column":38}},"22":{"start":{"line":190,"column":8},"end":{"line":190,"column":45}},"23":{"start":{"line":191,"column":8},"end":{"line":191,"column":34}},"24":{"start":{"line":192,"column":8},"end":{"line":192,"column":19}},"25":{"start":{"line":208,"column":8},"end":{"line":208,"column":36}},"26":{"start":{"line":209,"column":8},"end":{"line":209,"column":71}},"27":{"start":{"line":210,"column":8},"end":{"line":210,"column":19}},"28":{"start":{"line":228,"column":8},"end":{"line":228,"column":36}},"29":{"start":{"line":229,"column":8},"end":{"line":229,"column":60}},"30":{"start":{"line":230,"column":8},"end":{"line":230,"column":92}},"31":{"start":{"line":235,"column":8},"end":{"line":235,"column":19}},"32":{"start":{"line":257,"column":8},"end":{"line":257,"column":75}},"33":{"start":{"line":258,"column":8},"end":{"line":258,"column":71}},"34":{"start":{"line":259,"column":8},"end":{"line":259,"column":70}},"35":{"start":{"line":261,"column":8},"end":{"line":261,"column":45}},"36":{"start":{"line":263,"column":8},"end":{"line":263,"column":45}},"37":{"start":{"line":264,"column":8},"end":{"line":264,"column":79}},"38":{"start":{"line":268,"column":8},"end":{"line":268,"column":30}},"39":{"start":{"line":270,"column":8},"end":{"line":270,"column":39}},"40":{"start":{"line":272,"column":8},"end":{"line":272,"column":44}},"41":{"start":{"line":285,"column":8},"end":{"line":285,"column":72}},"42":{"start":{"line":287,"column":8},"end":{"line":287,"column":56}},"43":{"start":{"line":289,"column":8},"end":{"line":289,"column":29}},"44":{"start":{"line":290,"column":8},"end":{"line":290,"column":35}},"45":{"start":{"line":291,"column":8},"end":{"line":291,"column":50}},"46":{"start":{"line":293,"column":8},"end":{"line":293,"column":55}},"47":{"start":{"line":308,"column":8},"end":{"line":308,"column":74}},"48":{"start":{"line":310,"column":8},"end":{"line":310,"column":56}},"49":{"start":{"line":312,"column":8},"end":{"line":312,"column":51}},"50":{"start":{"line":313,"column":8},"end":{"line":313,"column":78}},"51":{"start":{"line":317,"column":8},"end":{"line":317,"column":29}},"52":{"start":{"line":319,"column":8},"end":{"line":319,"column":50}},"53":{"start":{"line":321,"column":8},"end":{"line":321,"column":55}},"54":{"start":{"line":342,"column":8},"end":{"line":342,"column":75}},"55":{"start":{"line":343,"column":8},"end":{"line":343,"column":75}},"56":{"start":{"line":345,"column":8},"end":{"line":345,"column":43}},"57":{"start":{"line":346,"column":8},"end":{"line":346,"column":45}},"58":{"start":{"line":362,"column":8},"end":{"line":362,"column":60}},"59":{"start":{"line":363,"column":8},"end":{"line":363,"column":11706}},"60":{"start":{"line":364,"column":12},"end":{"line":364,"column":79}}},"branchMap":{"1":{"line":64,"type":"if","locations":[{"start":{"line":64,"column":8},"end":{"line":64,"column":8}},{"start":{"line":64,"column":8},"end":{"line":64,"column":8}}]},"2":{"line":230,"type":"if","locations":[{"start":{"line":230,"column":8},"end":{"line":230,"column":8}},{"start":{"line":230,"column":8},"end":{"line":230,"column":8}}]},"3":{"line":257,"type":"if","locations":[{"start":{"line":257,"column":8},"end":{"line":257,"column":8}},{"start":{"line":257,"column":8},"end":{"line":257,"column":8}}]},"4":{"line":258,"type":"if","locations":[{"start":{"line":258,"column":8},"end":{"line":258,"column":8}},{"start":{"line":258,"column":8},"end":{"line":258,"column":8}}]},"5":{"line":259,"type":"if","locations":[{"start":{"line":259,"column":8},"end":{"line":259,"column":8}},{"start":{"line":259,"column":8},"end":{"line":259,"column":8}}]},"6":{"line":264,"type":"if","locations":[{"start":{"line":264,"column":8},"end":{"line":264,"column":8}},{"start":{"line":264,"column":8},"end":{"line":264,"column":8}}]},"7":{"line":285,"type":"if","locations":[{"start":{"line":285,"column":8},"end":{"line":285,"column":8}},{"start":{"line":285,"column":8},"end":{"line":285,"column":8}}]},"8":{"line":308,"type":"if","locations":[{"start":{"line":308,"column":8},"end":{"line":308,"column":8}},{"start":{"line":308,"column":8},"end":{"line":308,"column":8}}]},"9":{"line":313,"type":"if","locations":[{"start":{"line":313,"column":8},"end":{"line":313,"column":8}},{"start":{"line":313,"column":8},"end":{"line":313,"column":8}}]},"10":{"line":342,"type":"if","locations":[{"start":{"line":342,"column":8},"end":{"line":342,"column":8}},{"start":{"line":342,"column":8},"end":{"line":342,"column":8}}]},"11":{"line":343,"type":"if","locations":[{"start":{"line":343,"column":8},"end":{"line":343,"column":8}},{"start":{"line":343,"column":8},"end":{"line":343,"column":8}}]},"12":{"line":363,"type":"if","locations":[{"start":{"line":363,"column":8},"end":{"line":363,"column":8}},{"start":{"line":363,"column":8},"end":{"line":363,"column":8}}]},"13":{"line":364,"type":"if","locations":[{"start":{"line":364,"column":12},"end":{"line":364,"column":12}},{"start":{"line":364,"column":12},"end":{"line":364,"column":12}}]}}}}