TN:
SF:/Users/tuannda/Documents/work/marketplace/contracts/extensions/Context.sol
FN:17,_msgSender
FN:21,_msgData
FNF:2
FNH:0
FNDA:0,_msgSender
FNDA:0,_msgData
DA:18,0
DA:22,0
LF:2
LH:0
BRF:0
BRH:0
end_of_record
TN:
SF:/Users/tuannda/Documents/work/marketplace/contracts/extensions/IERC20Metadata.sol
FNF:0
FNH:0
LF:0
LH:0
BRF:0
BRH:0
end_of_record
TN:
SF:/Users/tuannda/Documents/work/marketplace/contracts/IERC20.sol
FNF:0
FNH:0
LF:0
LH:0
BRF:0
BRH:0
end_of_record
TN:
SF:/Users/tuannda/Documents/work/marketplace/contracts/inteface/inteface.sol
FNF:0
FNH:0
LF:0
LH:0
BRF:0
BRH:0
end_of_record
TN:
SF:/Users/tuannda/Documents/work/marketplace/contracts/NFTFactory.sol
FN:13,constructor
FN:15,mintNFT
FNF:2
FNH:2
FNDA:6,constructor
FNDA:1,mintNFT
DA:19,1
DA:21,1
DA:22,1
DA:23,1
DA:25,1
LF:5
LH:5
BRF:0
BRH:0
end_of_record
TN:
SF:/Users/tuannda/Documents/work/marketplace/contracts/NFTMarketplace_V1.sol
FN:18,getCounterOrder
FN:22,createOrder
FNF:2
FNH:0
FNDA:0,getCounterOrder
FNDA:0,createOrder
DA:19,0
DA:23,0
DA:24,0
DA:25,0
DA:26,0
DA:27,0
DA:28,0
LF:7
LH:0
BRDA:23,1,0,0
BRDA:23,1,1,0
BRDA:24,2,0,0
BRDA:24,2,1,0
BRF:4
BRH:0
end_of_record
TN:
SF:/Users/tuannda/Documents/work/marketplace/contracts/NFTMarketplace_V2.sol
FN:21,getCounterOrder
FN:25,createOrder
FN:34,addTreasury
FN:38,getTreasury
FN:42,setFee
FN:46,getFee
FN:50,isOrderExists
FN:57,matchOrder
FNF:8
FNH:0
FNDA:0,getCounterOrder
FNDA:0,createOrder
FNDA:0,addTreasury
FNDA:0,getTreasury
FNDA:0,setFee
FNDA:0,getFee
FNDA:0,isOrderExists
FNDA:0,matchOrder
DA:22,0
DA:26,0
DA:27,0
DA:28,0
DA:29,0
DA:30,0
DA:31,0
DA:35,0
DA:39,0
DA:43,0
DA:47,0
DA:51,0
DA:52,0
DA:54,0
DA:58,0
DA:59,0
DA:60,0
DA:61,0
DA:62,0
DA:63,0
DA:64,0
DA:65,0
LF:22
LH:0
BRDA:26,1,0,0
BRDA:26,1,1,0
BRDA:27,2,0,0
BRDA:27,2,1,0
BRDA:51,3,0,0
BRDA:51,3,1,0
BRDA:58,4,0,0
BRDA:58,4,1,0
BRDA:60,5,0,0
BRDA:60,5,1,0
BRDA:61,6,0,0
BRDA:61,6,1,0
BRF:12
BRH:0
end_of_record
TN:
SF:/Users/tuannda/Documents/work/marketplace/contracts/Token.sol
FN:57,constructor
FN:63,onlyOwner
FN:71,name
FN:79,symbol
FN:96,decimals
FN:103,totalSupply
FN:110,balanceOf
FN:115,addToBlacklists
FN:119,removeFromBlacklists
FN:123,mint
FN:127,burn
FN:139,transfer
FN:148,allowance
FN:162,approve
FN:184,transferFrom
FN:207,increaseAllowance
FN:227,decreaseAllowance
FN:252,_transfer
FN:284,_mint
FN:307,_burn
FN:337,_approve
FN:357,_spendAllowance
FN:385,_beforeTokenTransfer
FN:405,_afterTokenTransfer
FNF:24
FNH:0
FNDA:0,constructor
FNDA:0,onlyOwner
FNDA:0,name
FNDA:0,symbol
FNDA:0,decimals
FNDA:0,totalSupply
FNDA:0,balanceOf
FNDA:0,addToBlacklists
FNDA:0,removeFromBlacklists
FNDA:0,mint
FNDA:0,burn
FNDA:0,transfer
FNDA:0,allowance
FNDA:0,approve
FNDA:0,transferFrom
FNDA:0,increaseAllowance
FNDA:0,decreaseAllowance
FNDA:0,_transfer
FNDA:0,_mint
FNDA:0,_burn
FNDA:0,_approve
FNDA:0,_spendAllowance
FNDA:0,_beforeTokenTransfer
FNDA:0,_afterTokenTransfer
DA:58,0
DA:59,0
DA:60,0
DA:64,0
DA:65,0
DA:72,0
DA:80,0
DA:97,0
DA:104,0
DA:111,0
DA:116,0
DA:120,0
DA:124,0
DA:128,0
DA:140,0
DA:141,0
DA:142,0
DA:149,0
DA:163,0
DA:164,0
DA:165,0
DA:189,0
DA:190,0
DA:191,0
DA:192,0
DA:208,0
DA:209,0
DA:210,0
DA:228,0
DA:229,0
DA:230,0
DA:231,0
DA:235,0
DA:257,0
DA:258,0
DA:259,0
DA:261,0
DA:263,0
DA:264,0
DA:265,0
DA:268,0
DA:270,0
DA:272,0
DA:285,0
DA:287,0
DA:289,0
DA:290,0
DA:291,0
DA:293,0
DA:308,0
DA:310,0
DA:312,0
DA:313,0
DA:314,0
DA:317,0
DA:319,0
DA:321,0
DA:342,0
DA:343,0
DA:345,0
DA:346,0
DA:362,0
DA:363,0
DA:364,0
DA:365,0
LF:65
LH:0
BRDA:64,1,0,0
BRDA:64,1,1,0
BRDA:230,2,0,0
BRDA:230,2,1,0
BRDA:257,3,0,0
BRDA:257,3,1,0
BRDA:258,4,0,0
BRDA:258,4,1,0
BRDA:259,5,0,0
BRDA:259,5,1,0
BRDA:264,6,0,0
BRDA:264,6,1,0
BRDA:285,7,0,0
BRDA:285,7,1,0
BRDA:308,8,0,0
BRDA:308,8,1,0
BRDA:313,9,0,0
BRDA:313,9,1,0
BRDA:342,10,0,0
BRDA:342,10,1,0
BRDA:343,11,0,0
BRDA:343,11,1,0
BRDA:363,12,0,0
BRDA:363,12,1,0
BRDA:364,13,0,0
BRDA:364,13,1,0
BRF:26
BRH:0
end_of_record
